  Application.cpp
  Dialogue.cpp
  DLLExternal.cpp
e:\lockbomb\textnodeeditor\dlldevelopment\code\dllexternal.cpp(86): warning C4018: '>': signed/unsigned mismatch
e:\lockbomb\textnodeeditor\dlldevelopment\code\dllexternal.cpp(91): warning C4996: 'strcpy': This function or variable may be unsafe. Consider using strcpy_s instead. To disable deprecation, use _CRT_SECURE_NO_WARNINGS. See online help for details.
  c:\program files (x86)\windows kits\10\include\10.0.17763.0\ucrt\string.h(133): note: see declaration of 'strcpy'
e:\lockbomb\textnodeeditor\dlldevelopment\code\dllexternal.cpp(99): warning C4018: '>': signed/unsigned mismatch
e:\lockbomb\textnodeeditor\dlldevelopment\code\dllexternal.cpp(104): warning C4996: 'strcpy': This function or variable may be unsafe. Consider using strcpy_s instead. To disable deprecation, use _CRT_SECURE_NO_WARNINGS. See online help for details.
  c:\program files (x86)\windows kits\10\include\10.0.17763.0\ucrt\string.h(133): note: see declaration of 'strcpy'
e:\lockbomb\textnodeeditor\dlldevelopment\code\dllexternal.cpp(118): warning C4018: '>': signed/unsigned mismatch
e:\lockbomb\textnodeeditor\dlldevelopment\code\dllexternal.cpp(123): warning C4996: 'strcpy': This function or variable may be unsafe. Consider using strcpy_s instead. To disable deprecation, use _CRT_SECURE_NO_WARNINGS. See online help for details.
  c:\program files (x86)\windows kits\10\include\10.0.17763.0\ucrt\string.h(133): note: see declaration of 'strcpy'
e:\lockbomb\textnodeeditor\dlldevelopment\code\dllexternal.cpp(131): warning C4018: '>': signed/unsigned mismatch
e:\lockbomb\textnodeeditor\dlldevelopment\code\dllexternal.cpp(136): warning C4996: 'strcpy': This function or variable may be unsafe. Consider using strcpy_s instead. To disable deprecation, use _CRT_SECURE_NO_WARNINGS. See online help for details.
  c:\program files (x86)\windows kits\10\include\10.0.17763.0\ucrt\string.h(133): note: see declaration of 'strcpy'
  Node.cpp
  Serializer.cpp
  Generating Code...
     Creating library E:\LockBomb\TextNodeEditor\DllDevelopment\TextEditorDll\Debug\TextEditorDll.lib and object E:\LockBomb\TextNodeEditor\DllDevelopment\TextEditorDll\Debug\TextEditorDll.exp
  TextEditorDll.vcxproj -> E:\LockBomb\TextNodeEditor\DllDevelopment\TextEditorDll\Debug\TextEditorDll.dll
